c:\users\steven\documents\projects\3d prog\8hp projekt\opengl_project\opengl_p\opengl_p\debug\vc141.pdb
c:\users\steven\documents\projects\3d prog\8hp projekt\opengl_project\opengl_p\opengl_p\debug\vc141.idb
c:\users\steven\documents\projects\3d prog\8hp projekt\opengl_project\opengl_p\opengl_p\debug\glad.obj
c:\users\steven\documents\projects\3d prog\8hp projekt\opengl_project\opengl_p\opengl_p\debug\window.obj
c:\users\steven\documents\projects\3d prog\8hp projekt\opengl_project\opengl_p\opengl_p\debug\wnd.obj
c:\users\steven\documents\projects\3d prog\8hp projekt\opengl_project\opengl_p\opengl_p\debug\application.obj
c:\users\steven\documents\projects\3d prog\8hp projekt\opengl_project\opengl_p\opengl_p\debug\camera.obj
c:\users\steven\documents\projects\3d prog\8hp projekt\opengl_project\opengl_p\debug\opengl_p.pdb
c:\users\steven\documents\projects\3d prog\8hp projekt\opengl_project\opengl_p\opengl_p\debug\opengl_p.tlog\cl.command.1.tlog
c:\users\steven\documents\projects\3d prog\8hp projekt\opengl_project\opengl_p\opengl_p\debug\opengl_p.tlog\cl.read.1.tlog
c:\users\steven\documents\projects\3d prog\8hp projekt\opengl_project\opengl_p\opengl_p\debug\opengl_p.tlog\cl.write.1.tlog
c:\users\steven\documents\projects\3d prog\8hp projekt\opengl_project\opengl_p\opengl_p\debug\opengl_p.tlog\link.2584-cvtres.read.1.tlog
c:\users\steven\documents\projects\3d prog\8hp projekt\opengl_project\opengl_p\opengl_p\debug\opengl_p.tlog\link.2584-cvtres.write.1.tlog
c:\users\steven\documents\projects\3d prog\8hp projekt\opengl_project\opengl_p\opengl_p\debug\opengl_p.tlog\link.2584-rc.read.1.tlog
c:\users\steven\documents\projects\3d prog\8hp projekt\opengl_project\opengl_p\opengl_p\debug\opengl_p.tlog\link.2584-rc.write.1.tlog
c:\users\steven\documents\projects\3d prog\8hp projekt\opengl_project\opengl_p\opengl_p\debug\opengl_p.tlog\link.2584.read.1.tlog
c:\users\steven\documents\projects\3d prog\8hp projekt\opengl_project\opengl_p\opengl_p\debug\opengl_p.tlog\link.2584.write.1.tlog
c:\users\steven\documents\projects\3d prog\8hp projekt\opengl_project\opengl_p\opengl_p\debug\opengl_p.tlog\link.command.1.tlog
c:\users\steven\documents\projects\3d prog\8hp projekt\opengl_project\opengl_p\opengl_p\debug\opengl_p.tlog\link.read.1.tlog
c:\users\steven\documents\projects\3d prog\8hp projekt\opengl_project\opengl_p\opengl_p\debug\opengl_p.tlog\link.write.1.tlog
