d:\annat skit\programering lp 2\3d\rendering-engine\opengl_project\opengl_p\opengl_p\x64\debug\vc141.pdb
d:\annat skit\programering lp 2\3d\rendering-engine\opengl_project\opengl_p\opengl_p\x64\debug\vc141.idb
d:\annat skit\programering lp 2\3d\rendering-engine\opengl_project\opengl_p\opengl_p\x64\debug\wnd.obj
d:\annat skit\programering lp 2\3d\rendering-engine\opengl_project\opengl_p\opengl_p\x64\debug\window.obj
d:\annat skit\programering lp 2\3d\rendering-engine\opengl_project\opengl_p\opengl_p\x64\debug\object.obj
d:\annat skit\programering lp 2\3d\rendering-engine\opengl_project\opengl_p\opengl_p\x64\debug\fileloader.obj
d:\annat skit\programering lp 2\3d\rendering-engine\opengl_project\opengl_p\opengl_p\x64\debug\camera.obj
d:\annat skit\programering lp 2\3d\rendering-engine\opengl_project\opengl_p\opengl_p\x64\debug\application.obj
d:\annat skit\programering lp 2\3d\rendering-engine\opengl_project\opengl_p\opengl_p\x64\debug\glad.obj
d:\annat skit\programering lp 2\3d\rendering-engine\opengl_project\opengl_p\x64\debug\opengl_p.pdb
d:\annat skit\programering lp 2\3d\rendering-engine\opengl_project\opengl_p\opengl_p\x64\debug\opengl_p.tlog\cl.command.1.tlog
d:\annat skit\programering lp 2\3d\rendering-engine\opengl_project\opengl_p\opengl_p\x64\debug\opengl_p.tlog\cl.read.1.tlog
d:\annat skit\programering lp 2\3d\rendering-engine\opengl_project\opengl_p\opengl_p\x64\debug\opengl_p.tlog\cl.write.1.tlog
d:\annat skit\programering lp 2\3d\rendering-engine\opengl_project\opengl_p\opengl_p\x64\debug\opengl_p.tlog\link-cvtres.read.1.tlog
d:\annat skit\programering lp 2\3d\rendering-engine\opengl_project\opengl_p\opengl_p\x64\debug\opengl_p.tlog\link-cvtres.write.1.tlog
d:\annat skit\programering lp 2\3d\rendering-engine\opengl_project\opengl_p\opengl_p\x64\debug\opengl_p.tlog\link-rc.read.1.tlog
d:\annat skit\programering lp 2\3d\rendering-engine\opengl_project\opengl_p\opengl_p\x64\debug\opengl_p.tlog\link-rc.write.1.tlog
d:\annat skit\programering lp 2\3d\rendering-engine\opengl_project\opengl_p\opengl_p\x64\debug\opengl_p.tlog\link.command.1.tlog
d:\annat skit\programering lp 2\3d\rendering-engine\opengl_project\opengl_p\opengl_p\x64\debug\opengl_p.tlog\link.read.1.tlog
d:\annat skit\programering lp 2\3d\rendering-engine\opengl_project\opengl_p\opengl_p\x64\debug\opengl_p.tlog\link.write.1.tlog
