  Application.cpp
d:\programming\opengl\rendering-engine\opengl_p\opengl_p\application.cpp(153): warning C4018: '<': signed/unsigned mismatch
d:\programming\opengl\rendering-engine\opengl_p\opengl_p\application.cpp(154): warning C4018: '<': signed/unsigned mismatch
d:\programming\opengl\rendering-engine\opengl_p\opengl_p\application.cpp(159): warning C4018: '<': signed/unsigned mismatch
d:\programming\opengl\rendering-engine\opengl_p\opengl_p\application.cpp(283): warning C4018: '<': signed/unsigned mismatch
  Camera.cpp
d:\programming\opengl\rendering-engine\opengl_p\opengl_p\camera.cpp(82): warning C4244: 'initializing': conversion from 'double' to 'float', possible loss of data
d:\programming\opengl\rendering-engine\opengl_p\opengl_p\camera.cpp(83): warning C4244: 'initializing': conversion from 'double' to 'float', possible loss of data
  Fileloader.cpp
d:\programming\opengl\rendering-engine\opengl_p\opengl_p\fileloader.cpp(28): warning C4018: '<': signed/unsigned mismatch
d:\programming\opengl\rendering-engine\opengl_p\opengl_p\fileloader.cpp(42): warning C4477: 'printf' : format string '%s' requires an argument of type 'char *', but variadic argument 2 has type 'std::string'
d:\programming\opengl\rendering-engine\opengl_p\opengl_p\fileloader.cpp(66): warning C4018: '<': signed/unsigned mismatch
d:\programming\opengl\rendering-engine\opengl_p\opengl_p\fileloader.cpp(85): warning C4018: '<': signed/unsigned mismatch
d:\programming\opengl\rendering-engine\opengl_p\opengl_p\fileloader.cpp(104): warning C4018: '<': signed/unsigned mismatch
d:\programming\opengl\rendering-engine\opengl_p\opengl_p\fileloader.cpp(123): warning C4018: '<': signed/unsigned mismatch
d:\programming\opengl\rendering-engine\opengl_p\opengl_p\fileloader.cpp(141): warning C4018: '<': signed/unsigned mismatch
d:\programming\opengl\rendering-engine\opengl_p\opengl_p\fileloader.cpp(209): warning C4101: 'x': unreferenced local variable
d:\programming\opengl\rendering-engine\opengl_p\opengl_p\fileloader.cpp(208): warning C4101: 'col': unreferenced local variable
d:\programming\opengl\rendering-engine\opengl_p\opengl_p\fileloader.cpp(272): warning C4018: '<': signed/unsigned mismatch
  Object.cpp
  WND.cpp
d:\programming\opengl\rendering-engine\opengl_p\opengl_p\wnd.cpp(19): warning C4150: deletion of pointer to incomplete type 'GLFWwindow'; no destructor called
  d:\programming\opengl\rendering-engine\opengl_p\includes\glfw\glfw3.h(789): note: see declaration of 'GLFWwindow'
  Window.cpp
  Generating Code...
  Opengl_p.vcxproj -> D:\Programming\OpenGL\Rendering-Engine\Opengl_p\Debug\Opengl_p.exe
